1597741069191	geckodriver	INFO	Listening on 127.0.0.1:58135
1597741072216	mozrunner::runner	INFO	Running command: "C:\\Program Files\\Mozilla Firefox\\firefox.exe" "--marionette" "-foreground" "-no-remote" "-profile" "C:\\Users\\ADMINI~1\\AppData\\Local\\Temp\\rust_mozprofileuBCj8N"
JavaScript error: resource://gre/modules/XULStore.jsm, line 66: Error: Can't find profile directory.
console.error: SearchCache: "_readCacheFile: Error reading cache file:" (new Error("", "(unknown module)"))
1597741075563	Marionette	INFO	Listening on port 58168
1597741075587	Marionette	WARN	TLS certificate errors will be ignored for this session
1597741076578	Marionette	INFO	Stopped listening on port 58168
console.error: Region.jsm: "Error fetching region" (new TypeError("NetworkError when attempting to fetch resource.", ""))
console.error: Region.jsm: "Failed to fetch region" (new Error("NO_RESULT", "resource://gre/modules/Region.jsm", 343))

###!!! [Child][RunMessage] Error: Channel closing: too late to send/recv, messages will be lost


###!!! [Child][MessageChannel::SendAndWait] Error: Channel error: cannot send/recv

1597741370241	geckodriver	INFO	Listening on 127.0.0.1:58862
1597741373281	mozrunner::runner	INFO	Running command: "C:\\Program Files\\Mozilla Firefox\\firefox.exe" "--marionette" "-foreground" "-no-remote" "-profile" "C:\\Users\\ADMINI~1\\AppData\\Local\\Temp\\rust_mozprofileAfgkAU"
JavaScript error: resource://gre/modules/XULStore.jsm, line 66: Error: Can't find profile directory.
console.error: SearchCache: "_readCacheFile: Error reading cache file:" (new Error("", "(unknown module)"))
1597741375995	Marionette	INFO	Listening on port 58876
1597741376003	Marionette	WARN	TLS certificate errors will be ignored for this session
1597741377969	Marionette	INFO	Stopped listening on port 58876
console.error: Region.jsm: "Error fetching region" (new TypeError("NetworkError when attempting to fetch resource.", ""))
console.error: Region.jsm: "Failed to fetch region" (new Error("NO_RESULT", "resource://gre/modules/Region.jsm", 343))

###!!! [Child][RunMessage] Error: Channel closing: too late to send/recv, messages will be lost


###!!! [Child][MessageChannel::SendAndWait] Error: Channel error: cannot send/recv

1597741424922	geckodriver	INFO	Listening on 127.0.0.1:59022
1597741427959	mozrunner::runner	INFO	Running command: "C:\\Program Files\\Mozilla Firefox\\firefox.exe" "--marionette" "-foreground" "-no-remote" "-profile" "C:\\Users\\ADMINI~1\\AppData\\Local\\Temp\\rust_mozprofile8JutH6"
JavaScript error: resource://gre/modules/XULStore.jsm, line 66: Error: Can't find profile directory.
console.error: SearchCache: "_readCacheFile: Error reading cache file:" (new Error("", "(unknown module)"))
1597741430533	Marionette	INFO	Listening on port 59034
1597741430675	Marionette	WARN	TLS certificate errors will be ignored for this session
1597741431714	Marionette	INFO	Stopped listening on port 59034
console.warn: services.settings: main/message-groups sync interrupted by shutdown

###!!! [Child][RunMessage] Error: Channel closing: too late to send/recv, messages will be lost


###!!! [Child][MessageChannel::SendAndWait] Error: Channel error: cannot send/recv

1597741460856	geckodriver	INFO	Listening on 127.0.0.1:59153
1597741463899	mozrunner::runner	INFO	Running command: "C:\\Program Files\\Mozilla Firefox\\firefox.exe" "--marionette" "-foreground" "-no-remote" "-profile" "C:\\Users\\ADMINI~1\\AppData\\Local\\Temp\\rust_mozprofileLUu7IM"
JavaScript error: resource://gre/modules/XULStore.jsm, line 66: Error: Can't find profile directory.
console.error: SearchCache: "_readCacheFile: Error reading cache file:" (new Error("", "(unknown module)"))
1597741466540	Marionette	INFO	Listening on port 59165
1597741466635	Marionette	WARN	TLS certificate errors will be ignored for this session
1597741469265	Marionette	INFO	Stopped listening on port 59165
console.error: services.settings: 
  main/message-groups Signature failed  TypeError: NetworkError when attempting to fetch resource.
console.error: Region.jsm: "Error fetching region" (new TypeError("NetworkError when attempting to fetch resource.", ""))
console.error: Region.jsm: "Failed to fetch region" (new Error("NO_RESULT", "resource://gre/modules/Region.jsm", 343))

###!!! [Child][RunMessage] Error: Channel closing: too late to send/recv, messages will be lost


###!!! [Child][MessageChannel::SendAndWait] Error: Channel error: cannot send/recv

1597741541953	geckodriver	INFO	Listening on 127.0.0.1:59430
1597741544979	mozrunner::runner	INFO	Running command: "C:\\Program Files\\Mozilla Firefox\\firefox.exe" "--marionette" "-foreground" "-no-remote" "-profile" "C:\\Users\\ADMINI~1\\AppData\\Local\\Temp\\rust_mozprofileOqBEvh"
JavaScript error: resource://gre/modules/XULStore.jsm, line 66: Error: Can't find profile directory.
console.error: SearchCache: "_readCacheFile: Error reading cache file:" (new Error("", "(unknown module)"))
1597741547469	Marionette	INFO	Listening on port 59443
1597741547694	Marionette	WARN	TLS certificate errors will be ignored for this session
1597741553730	Marionette	INFO	Stopped listening on port 59443

###!!! [Child][RunMessage] Error: Channel closing: too late to send/recv, messages will be lost


###!!! [Child][MessageChannel::SendAndWait] Error: Channel error: cannot send/recv

1597741874766	geckodriver	INFO	Listening on 127.0.0.1:60392
1597741877830	mozrunner::runner	INFO	Running command: "C:\\Program Files\\Mozilla Firefox\\firefox.exe" "--marionette" "-foreground" "-no-remote" "-profile" "C:\\Users\\ADMINI~1\\AppData\\Local\\Temp\\rust_mozprofiledVSlyx"
JavaScript error: resource://gre/modules/XULStore.jsm, line 66: Error: Can't find profile directory.
console.error: SearchCache: "_readCacheFile: Error reading cache file:" (new Error("", "(unknown module)"))
1597741880565	Marionette	INFO	Listening on port 60404
1597741881048	Marionette	WARN	TLS certificate errors will be ignored for this session
1597741922902	Marionette	INFO	Stopped listening on port 60404

###!!! [Child][RunMessage] Error: Channel closing: too late to send/recv, messages will be lost


###!!! [Child][MessageChannel::SendAndWait] Error: Channel error: cannot send/recv

1597741929410	geckodriver	INFO	Listening on 127.0.0.1:60564
1597741932444	mozrunner::runner	INFO	Running command: "C:\\Program Files\\Mozilla Firefox\\firefox.exe" "--marionette" "-foreground" "-no-remote" "-profile" "C:\\Users\\ADMINI~1\\AppData\\Local\\Temp\\rust_mozprofileIh6Pre"
JavaScript error: resource://gre/modules/XULStore.jsm, line 66: Error: Can't find profile directory.
console.error: SearchCache: "_readCacheFile: Error reading cache file:" (new Error("", "(unknown module)"))
1597741934950	Marionette	INFO	Listening on port 60576
1597741935163	Marionette	WARN	TLS certificate errors will be ignored for this session
1597741943790	Marionette	INFO	Stopped listening on port 60576

###!!! [Child][RunMessage] Error: Channel closing: too late to send/recv, messages will be lost


###!!! [Child][MessageChannel::SendAndWait] Error: Channel error: cannot send/recv

1597742108471	geckodriver	INFO	Listening on 127.0.0.1:60966
1597742111534	mozrunner::runner	INFO	Running command: "C:\\Program Files\\Mozilla Firefox\\firefox.exe" "--marionette" "-foreground" "-no-remote" "-profile" "C:\\Users\\ADMINI~1\\AppData\\Local\\Temp\\rust_mozprofileKyy3c4"
JavaScript error: resource://gre/modules/XULStore.jsm, line 66: Error: Can't find profile directory.
console.error: SearchCache: "_readCacheFile: Error reading cache file:" (new Error("", "(unknown module)"))
1597742114167	Marionette	INFO	Listening on port 60980
1597742114252	Marionette	WARN	TLS certificate errors will be ignored for this session
1597742119657	Marionette	INFO	Stopped listening on port 60980

###!!! [Child][MessageChannel] Error: (msgtype=0x5A000D,name=PHttpChannel::Msg_DeletingChannel) Channel closing: too late to send/recv, messages will be lost


###!!! [Child][RunMessage] Error: Channel closing: too late to send/recv, messages will be lost


###!!! [Child][MessageChannel::SendAndWait] Error: Channel error: cannot send/recv

1597742212961	geckodriver	INFO	Listening on 127.0.0.1:61227
1597742216002	mozrunner::runner	INFO	Running command: "C:\\Program Files\\Mozilla Firefox\\firefox.exe" "--marionette" "-foreground" "-no-remote" "-profile" "C:\\Users\\ADMINI~1\\AppData\\Local\\Temp\\rust_mozprofilen6SjIO"
JavaScript error: resource://gre/modules/XULStore.jsm, line 66: Error: Can't find profile directory.
console.error: SearchCache: "_readCacheFile: Error reading cache file:" (new Error("", "(unknown module)"))
1597742218749	Marionette	INFO	Listening on port 61239
1597742219236	Marionette	WARN	TLS certificate errors will be ignored for this session
1597742396257	Marionette	INFO	Stopped listening on port 61239

###!!! [Child][RunMessage] Error: Channel closing: too late to send/recv, messages will be lost


###!!! [Child][MessageChannel::SendAndWait] Error: Channel error: cannot send/recv

l\\Temp\\rust_mozprofileM7yoox"
JavaScript error: resource://gre/modules/XULStore.jsm, line 66: Error: Can't find profile directory.
console.error: SearchCache: "_readCacheFile: Error reading cache file:" (new Error("", "(unknown module)"))
1597742277150	Marionette	INFO	Listening on port 61449
1597742277182	Marionette	WARN	TLS certificate errors will be ignored for this session

###!!! [Child][MessageChannel] Error: (msgtype=0x5A000D,name=PHttpChannel::Msg_DeletingChannel) Channel closing: too late to send/recv, messages will be lost

1597742395016	Marionette	INFO	Stopped listening on port 61449

###!!! [Child][RunMessage] Error: Channel closing: too late to send/recv, messages will be lost


###!!! [Child][MessageChannel::SendAndWait] Error: Channel error: cannot send/recv

_readCacheFile: Error reading cache file:" (new Error("", "(unknown module)"))
1597742301239	Marionette	INFO	Listening on port 61623
1597742301257	Marionette	WARN	TLS certificate errors will be ignored for this session
console.error: Region.jsm: "Error fetching region" (new AbortError("The operation was aborted. ", (void 0), 636))
console.error: Region.jsm: "Failed to fetch region" (new Error("NO_RESULT", "resource://gre/modules/Region.jsm", 343))
1597742345181	Marionette	INFO	Stopped listening on port 61623

###!!! [Child][RunMessage] Error: Channel closing: too late to send/recv, messages will be lost


###!!! [Child][RunMessage] Error: Channel closing: too late to send/recv, messages will be lost


###!!! [Child][RunMessage] Error: Channel closing: too late to send/recv, messages will be lost


###!!! [Child][MessageChannel::SendAndWait] Error: Channel error: cannot send/recv

1597742561917	geckodriver	INFO	Listening on 127.0.0.1:62453
1597742564952	mozrunner::runner	INFO	Running command: "C:\\Program Files\\Mozilla Firefox\\firefox.exe" "--marionette" "-foreground" "-no-remote" "-profile" "C:\\Users\\ADMINI~1\\AppData\\Local\\Temp\\rust_mozprofile6cNeSc"
JavaScript error: resource://gre/modules/XULStore.jsm, line 66: Error: Can't find profile directory.
console.error: SearchCache: "_readCacheFile: Error reading cache file:" (new Error("", "(unknown module)"))
1597742567544	Marionette	INFO	Listening on port 62466
1597742567671	Marionette	WARN	TLS certificate errors will be ignored for this session
1597742574951	Marionette	INFO	Stopped listening on port 62466

###!!! [Child][MessageChannel] Error: (msgtype=0x5A000D,name=PHttpChannel::Msg_DeletingChannel) Channel closing: too late to send/recv, messages will be lost


###!!! [Child][RunMessage] Error: Channel closing: too late to send/recv, messages will be lost


###!!! [Child][MessageChannel::SendAndWait] Error: Channel error: cannot send/recv

1597742667909	geckodriver	INFO	Listening on 127.0.0.1:62872
1597742670936	mozrunner::runner	INFO	Running command: "C:\\Program Files\\Mozilla Firefox\\firefox.exe" "--marionette" "-foreground" "-no-remote" "-profile" "C:\\Users\\ADMINI~1\\AppData\\Local\\Temp\\rust_mozprofileFfnA9A"
JavaScript error: resource://gre/modules/XULStore.jsm, line 66: Error: Can't find profile directory.
console.error: SearchCache: "_readCacheFile: Error reading cache file:" (new Error("", "(unknown module)"))
1597742673508	Marionette	INFO	Listening on port 62884
1597742673653	Marionette	WARN	TLS certificate errors will be ignored for this session
1597742682305	Marionette	INFO	Stopped listening on port 62884

###!!! [Child][RunMessage] Error: Channel closing: too late to send/recv, messages will be lost


###!!! [Child][MessageChannel::SendAndWait] Error: Channel error: cannot send/recv

1597742732133	geckodriver	INFO	Listening on 127.0.0.1:63129
1597742735174	mozrunner::runner	INFO	Running command: "C:\\Program Files\\Mozilla Firefox\\firefox.exe" "--marionette" "-foreground" "-no-remote" "-profile" "C:\\Users\\ADMINI~1\\AppData\\Local\\Temp\\rust_mozprofileWqjoIv"
JavaScript error: resource://gre/modules/XULStore.jsm, line 66: Error: Can't find profile directory.
console.error: SearchCache: "_readCacheFile: Error reading cache file:" (new Error("", "(unknown module)"))
1597742737773	Marionette	INFO	Listening on port 63141
1597742737901	Marionette	WARN	TLS certificate errors will be ignored for this session
1597742742486	Marionette	INFO	Stopped listening on port 63141

###!!! [Child][RunMessage] Error: Channel closing: too late to send/recv, messages will be lost


###!!! [Child][MessageChannel::SendAndWait] Error: Channel error: cannot send/recv

1597816109939	geckodriver	INFO	Listening on 127.0.0.1:50152
1597816112995	mozrunner::runner	INFO	Running command: "C:\\Program Files\\Mozilla Firefox\\firefox.exe" "--marionette" "-foreground" "-no-remote" "-profile" "C:\\Users\\ADMINI~1\\AppData\\Local\\Temp\\rust_mozprofileLO0Sxd"
JavaScript error: resource://gre/modules/XULStore.jsm, line 66: Error: Can't find profile directory.
console.error: SearchCache: "_readCacheFile: Error reading cache file:" (new Error("", "(unknown module)"))
1597816115609	Marionette	INFO	Listening on port 50165
1597816115722	Marionette	WARN	TLS certificate errors will be ignored for this session
1597816153814	Marionette	INFO	Stopped listening on port 50165

###!!! [Child][RunMessage] Error: Channel closing: too late to send/recv, messages will be lost


###!!! [Child][MessageChannel::SendAndWait] Error: Channel error: cannot send/recv

1597816158495	geckodriver	INFO	Listening on 127.0.0.1:50291
1597816161531	mozrunner::runner	INFO	Running command: "C:\\Program Files\\Mozilla Firefox\\firefox.exe" "--marionette" "-foreground" "-no-remote" "-profile" "C:\\Users\\ADMINI~1\\AppData\\Local\\Temp\\rust_mozprofilePU3kiz"
JavaScript error: resource://gre/modules/XULStore.jsm, line 66: Error: Can't find profile directory.
console.error: SearchCache: "_readCacheFile: Error reading cache file:" (new Error("", "(unknown module)"))
1597816164153	Marionette	INFO	Listening on port 50302
1597816164253	Marionette	WARN	TLS certificate errors will be ignored for this session
1597816171633	Marionette	INFO	Stopped listening on port 50302

###!!! [Child][MessageChannel] Error: (msgtype=0x6B0029,name=PNecko::Msg_RemoveRequestContext) Channel closing: too late to send/recv, messages will be lost


###!!! [Child][MessageChannel] Error: (msgtype=0x5A000D,name=PHttpChannel::Msg_DeletingChannel) Channel closing: too late to send/recv, messages will be lost


###!!! [Child][MessageChannel] Error: (msgtype=0x6B0029,name=PNecko::Msg_RemoveRequestContext) Channel closing: too late to send/recv, messages will be lost


###!!! [Child][RunMessage] Error: Channel closing: too late to send/recv, messages will be lost


###!!! [Child][MessageChannel::SendAndWait] Error: Channel error: cannot send/recv

1597816299079	geckodriver	INFO	Listening on 127.0.0.1:50699
1597816302138	mozrunner::runner	INFO	Running command: "C:\\Program Files\\Mozilla Firefox\\firefox.exe" "--marionette" "-foreground" "-no-remote" "-profile" "C:\\Users\\ADMINI~1\\AppData\\Local\\Temp\\rust_mozprofileUfkvmy"
JavaScript error: resource://gre/modules/XULStore.jsm, line 66: Error: Can't find profile directory.
console.error: SearchCache: "_readCacheFile: Error reading cache file:" (new Error("", "(unknown module)"))
1597816304785	Marionette	INFO	Listening on port 50713
1597816304853	Marionette	WARN	TLS certificate errors will be ignored for this session
1597816310374	Marionette	INFO	Stopped listening on port 50713

###!!! [Child][RunMessage] Error: Channel closing: too late to send/recv, messages will be lost


###!!! [Child][RunMessage] Error: Channel closing: too late to send/recv, messages will be lost


###!!! [Child][MessageChannel::SendAndWait] Error: Channel error: cannot send/recv

1597816422461	geckodriver	INFO	Listening on 127.0.0.1:51034
1597816425519	mozrunner::runner	INFO	Running command: "C:\\Program Files\\Mozilla Firefox\\firefox.exe" "--marionette" "-foreground" "-no-remote" "-profile" "C:\\Users\\ADMINI~1\\AppData\\Local\\Temp\\rust_mozprofileIBzbQB"
JavaScript error: resource://gre/modules/XULStore.jsm, line 66: Error: Can't find profile directory.
console.error: SearchCache: "_readCacheFile: Error reading cache file:" (new Error("", "(unknown module)"))
1597816428186	Marionette	INFO	Listening on port 51045
1597816428246	Marionette	WARN	TLS certificate errors will be ignored for this session
1597816751895	geckodriver	INFO	Listening on 127.0.0.1:51810
1597816754962	mozrunner::runner	INFO	Running command: "C:\\Program Files\\Mozilla Firefox\\firefox.exe" "--marionette" "-headless" "-foreground" "-no-remote" "-profile" "C:\\Users\\ADMINI~1\\AppData\\Local\\Temp\\rust_mozprofilemSXlIA"
*** You are running in headless mode.
JavaScript error: resource://gre/modules/XULStore.jsm, line 66: Error: Can't find profile directory.
console.error: SearchCache: "_readCacheFile: Error reading cache file:" (new Error("", "(unknown module)"))
1597816756750	Marionette	INFO	Listening on port 51822
1597816757081	Marionette	WARN	TLS certificate errors will be ignored for this session
JavaScript error: , line 0: NS_ERROR_NOT_AVAILABLE
1:52306
1597816964837	mozrunner::runner	INFO	Running command: "C:\\Program Files\\Mozilla Firefox\\firefox.exe" "--marionette" "-headless" "-foreground" "-no-remote" "-profile" "C:\\Users\\ADMINI~1\\AppData\\Local\\Temp\\rust_mozprofilei1jTRo"
*** You are running in headless mode.
JavaScript error: resource://gre/modules/XULStore.jsm, line 66: Error: Can't find profile directory.
console.error: SearchCache: "_readCacheFile: Error reading cache file:" (new Error("", "(unknown module)"))
1597816966671	Marionette	INFO	Listening on port 52318
1597816966955	Marionette	WARN	TLS certificate errors will be ignored for this session
JavaScript error: , line 0: NS_ERROR_NOT_AVAILABLE
1:52957
1597817257605	mozrunner::runner	INFO	Running command: "C:\\Program Files\\Mozilla Firefox\\firefox.exe" "--marionette" "-headless" "-foreground" "-no-remote" "-profile" "C:\\Users\\ADMINI~1\\AppData\\Local\\Temp\\rust_mozprofilejEqNZP"
*** You are running in headless mode.
JavaScript error: resource://gre/modules/XULStore.jsm, line 66: Error: Can't find profile directory.
console.error: SearchCache: "_readCacheFile: Error reading cache file:" (new Error("", "(unknown module)"))
1597817259417	Marionette	INFO	Listening on port 52974
1597817259719	Marionette	WARN	TLS certificate errors will be ignored for this session
JavaScript error: , line 0: NS_ERROR_NOT_AVAILABLE
1:53107
1597817269774	mozrunner::runner	INFO	Running command: "C:\\Program Files\\Mozilla Firefox\\firefox.exe" "--marionette" "-headless" "-foreground" "-no-remote" "-profile" "C:\\Users\\ADMINI~1\\AppData\\Local\\Temp\\rust_mozprofileuJW1dS"
*** You are running in headless mode.
console.error: SearchCache: "_readCacheFile: Error reading cache file:" (new Error("", "(unknown module)"))
JavaScript error: resource://gre/modules/XULStore.jsm, line 66: Error: Can't find profile directory.
1597817272019	Marionette	INFO	Listening on port 53133
1597817272490	Marionette	WARN	TLS certificate errors will be ignored for this session
JavaScript error: , line 0: NS_ERROR_NOT_AVAILABLE
1:53425
1597817357241	mozrunner::runner	INFO	Running command: "C:\\Program Files\\Mozilla Firefox\\firefox.exe" "--marionette" "-headless" "-foreground" "-no-remote" "-profile" "C:\\Users\\ADMINI~1\\AppData\\Local\\Temp\\rust_mozprofile4DYsfo"
*** You are running in headless mode.
JavaScript error: resource://gre/modules/XULStore.jsm, line 66: Error: Can't find profile directory.
console.error: SearchCache: "_readCacheFile: Error reading cache file:" (new Error("", "(unknown module)"))
1597817359048	Marionette	INFO	Listening on port 53436
1597817359359	Marionette	WARN	TLS certificate errors will be ignored for this session
JavaScript error: , line 0: NS_ERROR_NOT_AVAILABLE
1:53541
1597817366714	mozrunner::runner	INFO	Running command: "C:\\Program Files\\Mozilla Firefox\\firefox.exe" "--marionette" "-headless" "-foreground" "-no-remote" "-profile" "C:\\Users\\ADMINI~1\\AppData\\Local\\Temp\\rust_mozprofilec1msdo"
*** You are running in headless mode.
JavaScript error: resource://gre/modules/XULStore.jsm, line 66: Error: Can't find profile directory.
console.error: SearchCache: "_readCacheFile: Error reading cache file:" (new Error("", "(unknown module)"))
1597817368553	Marionette	INFO	Listening on port 53572
1597817368830	Marionette	WARN	TLS certificate errors will be ignored for this session
console.error: Region.jsm: "Error fetching region" (new AbortError("The operation was aborted. ", (void 0), 636))
console.error: Region.jsm: "Failed to fetch region" (new Error("NO_RESULT", "resource://gre/modules/Region.jsm", 343))
JavaScript error: , line 0: NS_ERROR_NOT_AVAILABLE
1597822083514	geckodriver	INFO	Listening on 127.0.0.1:49631
1597822086546	mozrunner::runner	INFO	Running command: "C:\\Program Files\\Mozilla Firefox\\firefox.exe" "--marionette" "-headless" "-foreground" "-no-remote" "-profile" "C:\\Users\\ADMINI~1\\AppData\\Local\\Temp\\rust_mozprofileXO7dwE"
*** You are running in headless mode.
JavaScript error: resource://gre/modules/XULStore.jsm, line 66: Error: Can't find profile directory.
console.error: SearchCache: "_readCacheFile: Error reading cache file:" (new Error("", "(unknown module)"))
1597822088400	Marionette	INFO	Listening on port 49648
1597822088661	Marionette	WARN	TLS certificate errors will be ignored for this session
1597822119515	Marionette	INFO	Stopped listening on port 49648
1597822326357	geckodriver	INFO	Listening on 127.0.0.1:50444
1597822329401	mozrunner::runner	INFO	Running command: "C:\\Program Files\\Mozilla Firefox\\firefox.exe" "--marionette" "-headless" "-foreground" "-no-remote" "-profile" "C:\\Users\\ADMINI~1\\AppData\\Local\\Temp\\rust_mozprofileIKTVbv"
*** You are running in headless mode.
JavaScript error: resource://gre/modules/XULStore.jsm, line 66: Error: Can't find profile directory.
console.error: SearchCache: "_readCacheFile: Error reading cache file:" (new Error("", "(unknown module)"))
1597822331285	Marionette	INFO	Listening on port 50457
1597822331517	Marionette	WARN	TLS certificate errors will be ignored for this session
1597822341468	Marionette	INFO	Stopped listening on port 50457
1597822528910	geckodriver	INFO	Listening on 127.0.0.1:51171
1597822531964	mozrunner::runner	INFO	Running command: "C:\\Program Files\\Mozilla Firefox\\firefox.exe" "--marionette" "-headless" "-foreground" "-no-remote" "-profile" "C:\\Users\\ADMINI~1\\AppData\\Local\\Temp\\rust_mozprofileQBNAPD"
*** You are running in headless mode.
JavaScript error: resource://gre/modules/XULStore.jsm, line 66: Error: Can't find profile directory.
console.error: SearchCache: "_readCacheFile: Error reading cache file:" (new Error("", "(unknown module)"))
1597822533867	Marionette	INFO	Listening on port 51187
1597822534083	Marionette	WARN	TLS certificate errors will be ignored for this session
JavaScript error: , line 0: NS_ERROR_NOT_AVAILABLE
1:51362
1597822583590	mozrunner::runner	INFO	Running command: "C:\\Program Files\\Mozilla Firefox\\firefox.exe" "--marionette" "-headless" "-foreground" "-no-remote" "-profile" "C:\\Users\\ADMINI~1\\AppData\\Local\\Temp\\rust_mozprofile5WtMuk"
*** You are running in headless mode.
JavaScript error: resource://gre/modules/XULStore.jsm, line 66: Error: Can't find profile directory.
console.error: SearchCache: "_readCacheFile: Error reading cache file:" (new Error("", "(unknown module)"))
1597822585432	Marionette	INFO	Listening on port 51377
1597822585707	Marionette	WARN	TLS certificate errors will be ignored for this session
1597822635678	Marionette	INFO	Stopped listening on port 51377
1597822799651	geckodriver	INFO	Listening on 127.0.0.1:52221
1597822802699	mozrunner::runner	INFO	Running command: "C:\\Program Files\\Mozilla Firefox\\firefox.exe" "--marionette" "-headless" "-foreground" "-no-remote" "-profile" "C:\\Users\\ADMINI~1\\AppData\\Local\\Temp\\rust_mozprofileiGwA2L"
*** You are running in headless mode.
JavaScript error: resource://gre/modules/XULStore.jsm, line 66: Error: Can't find profile directory.
console.error: SearchCache: "_readCacheFile: Error reading cache file:" (new Error("", "(unknown module)"))
1597822804630	Marionette	INFO	Listening on port 52237
1597822804828	Marionette	WARN	TLS certificate errors will be ignored for this session
console.error: Region.jsm: "Error fetching region" (new AbortError("The operation was aborted. ", (void 0), 636))
console.error: Region.jsm: "Failed to fetch region" (new Error("NO_RESULT", "resource://gre/modules/Region.jsm", 343))
JavaScript error: , line 0: NS_ERROR_NOT_AVAILABLE
1:52412
1597822847401	mozrunner::runner	INFO	Running command: "C:\\Program Files\\Mozilla Firefox\\firefox.exe" "--marionette" "-headless" "-foreground" "-no-remote" "-profile" "C:\\Users\\ADMINI~1\\AppData\\Local\\Temp\\rust_mozprofileeST9rb"
*** You are running in headless mode.
JavaScript error: resource://gre/modules/XULStore.jsm, line 66: Error: Can't find profile directory.
console.error: SearchCache: "_readCacheFile: Error reading cache file:" (new Error("", "(unknown module)"))
1597822849285	Marionette	INFO	Listening on port 52426
1597822849526	Marionette	WARN	TLS certificate errors will be ignored for this session
1597822857273	Marionette	INFO	Stopped listening on port 52426
1597822979128	geckodriver	INFO	Listening on 127.0.0.1:53240
1597822982167	mozrunner::runner	INFO	Running command: "C:\\Program Files\\Mozilla Firefox\\firefox.exe" "--marionette" "-headless" "-foreground" "-no-remote" "-profile" "C:\\Users\\ADMINI~1\\AppData\\Local\\Temp\\rust_mozprofilexJH80K"
*** You are running in headless mode.
JavaScript error: resource://gre/modules/XULStore.jsm, line 66: Error: Can't find profile directory.
console.error: SearchCache: "_readCacheFile: Error reading cache file:" (new Error("", "(unknown module)"))
1597822984016	Marionette	INFO	Listening on port 53256
1597822984282	Marionette	WARN	TLS certificate errors will be ignored for this session
1597822997396	Marionette	INFO	Stopped listening on port 53256
1597823068092	geckodriver	INFO	Listening on 127.0.0.1:53686
1597823071148	mozrunner::runner	INFO	Running command: "C:\\Program Files\\Mozilla Firefox\\firefox.exe" "--marionette" "-headless" "-foreground" "-no-remote" "-profile" "C:\\Users\\ADMINI~1\\AppData\\Local\\Temp\\rust_mozprofileiKO8R4"
*** You are running in headless mode.
JavaScript error: resource://gre/modules/XULStore.jsm, line 66: Error: Can't find profile directory.
console.error: SearchCache: "_readCacheFile: Error reading cache file:" (new Error("", "(unknown module)"))
1597823073073	Marionette	INFO	Listening on port 53707
1597823073272	Marionette	WARN	TLS certificate errors will be ignored for this session
1597823081451	Marionette	INFO	Stopped listening on port 53707
1597823109469	geckodriver	INFO	Listening on 127.0.0.1:53917
1597823112524	mozrunner::runner	INFO	Running command: "C:\\Program Files\\Mozilla Firefox\\firefox.exe" "--marionette" "-headless" "-foreground" "-no-remote" "-profile" "C:\\Users\\ADMINI~1\\AppData\\Local\\Temp\\rust_mozprofilea8IoBK"
*** You are running in headless mode.
JavaScript error: resource://gre/modules/XULStore.jsm, line 66: Error: Can't find profile directory.
console.error: SearchCache: "_readCacheFile: Error reading cache file:" (new Error("", "(unknown module)"))
1597823114323	Marionette	INFO	Listening on port 53931
1597823114647	Marionette	WARN	TLS certificate errors will be ignored for this session
1597823120496	Marionette	INFO	Stopped listening on port 53931
1597823188719	geckodriver	INFO	Listening on 127.0.0.1:54210
1597823191777	mozrunner::runner	INFO	Running command: "C:\\Program Files\\Mozilla Firefox\\firefox.exe" "--marionette" "-headless" "-foreground" "-no-remote" "-profile" "C:\\Users\\ADMINI~1\\AppData\\Local\\Temp\\rust_mozprofileHeiFde"
*** You are running in headless mode.
JavaScript error: resource://gre/modules/XULStore.jsm, line 66: Error: Can't find profile directory.
console.error: SearchCache: "_readCacheFile: Error reading cache file:" (new Error("", "(unknown module)"))
1597823193605	Marionette	INFO	Listening on port 54232
1597823193896	Marionette	WARN	TLS certificate errors will be ignored for this session
1597823202976	Marionette	INFO	Stopped listening on port 54232

###!!! [Child][RunMessage] Error: Channel closing: too late to send/recv, messages will be lost


###!!! [Child][RunMessage] Error: Channel closing: too late to send/recv, messages will be lost

1597823859054	geckodriver	INFO	Listening on 127.0.0.1:56182
1597823862069	mozrunner::runner	INFO	Running command: "C:\\Program Files\\Mozilla Firefox\\firefox.exe" "--marionette" "-headless" "-foreground" "-no-remote" "-profile" "C:\\Users\\ADMINI~1\\AppData\\Local\\Temp\\rust_mozprofileeoe7Wf"
*** You are running in headless mode.
JavaScript error: resource://gre/modules/XULStore.jsm, line 66: Error: Can't find profile directory.
console.error: SearchCache: "_readCacheFile: Error reading cache file:" (new Error("", "(unknown module)"))
1597823863888	Marionette	INFO	Listening on port 56197
1597823864189	Marionette	WARN	TLS certificate errors will be ignored for this session
console.error: Region.jsm: "Error fetching region" (new AbortError("The operation was aborted. ", (void 0), 636))
console.error: Region.jsm: "Failed to fetch region" (new Error("NO_RESULT", "resource://gre/modules/Region.jsm", 343))
1597823873110	Marionette	INFO	Stopped listening on port 56197

###!!! [Child][RunMessage] Error: Channel closing: too late to send/recv, messages will be lost

1597823886916	geckodriver	INFO	Listening on 127.0.0.1:56354
1597823889971	mozrunner::runner	INFO	Running command: "C:\\Program Files\\Mozilla Firefox\\firefox.exe" "--marionette" "-headless" "-foreground" "-no-remote" "-profile" "C:\\Users\\ADMINI~1\\AppData\\Local\\Temp\\rust_mozprofileJ9Djpb"
*** You are running in headless mode.
JavaScript error: resource://gre/modules/XULStore.jsm, line 66: Error: Can't find profile directory.
console.error: SearchCache: "_readCacheFile: Error reading cache file:" (new Error("", "(unknown module)"))
1597823891835	Marionette	INFO	Listening on port 56369
1597823892094	Marionette	WARN	TLS certificate errors will be ignored for this session
JavaScript error: chrome://marionette/content/proxy.js, line 222: TypeError: this.browser.driver.dialogObserver is null
JavaScript error: , line 0: NS_ERROR_NOT_AVAILABLE
ette" "-headless" "-foreground" "-no-remote" "-profile" "C:\\Users\\ADMINI~1\\AppData\\Local\\Temp\\rust_mozprofile7Ll6rj"
*** You are running in headless mode.
JavaScript error: resource://gre/modules/XULStore.jsm, line 66: Error: Can't find profile directory.
console.error: SearchCache: "_readCacheFile: Error reading cache file:" (new Error("", "(unknown module)"))
1597824105981	Marionette	INFO	Listening on port 57011
1597824106272	Marionette	WARN	TLS certificate errors will be ignored for this session
console.error: Region.jsm: "Error fetching region" (new AbortError("The operation was aborted. ", (void 0), 636))
console.error: Region.jsm: "Failed to fetch region" (new Error("NO_RESULT", "resource://gre/modules/Region.jsm", 343))
1597824121392	Marionette	INFO	Stopped listening on port 57011

###!!! [Child][RunMessage] Error: Channel closing: too late to send/recv, messages will be lost

1597824519350	geckodriver	INFO	Listening on 127.0.0.1:58300
1597824522391	mozrunner::runner	INFO	Running command: "C:\\Program Files\\Mozilla Firefox\\firefox.exe" "--marionette" "-headless" "-foreground" "-no-remote" "-profile" "C:\\Users\\ADMINI~1\\AppData\\Local\\Temp\\rust_mozprofile5ju9KI"
*** You are running in headless mode.
console.error: SearchCache: "_readCacheFile: Error reading cache file:" (new Error("", "(unknown module)"))
JavaScript error: resource://gre/modules/XULStore.jsm, line 66: Error: Can't find profile directory.
1597824524205	Marionette	INFO	Listening on port 58314
1597824524510	Marionette	WARN	TLS certificate errors will be ignored for this session
console.error: Region.jsm: "Error fetching region" (new AbortError("The operation was aborted. ", (void 0), 636))
console.error: Region.jsm: "Failed to fetch region" (new Error("NO_RESULT", "resource://gre/modules/Region.jsm", 343))
1597824540759	Marionette	INFO	Stopped listening on port 58314
1597824604186	geckodriver	INFO	Listening on 127.0.0.1:58616
1597824607232	mozrunner::runner	INFO	Running command: "C:\\Program Files\\Mozilla Firefox\\firefox.exe" "--marionette" "-headless" "-foreground" "-no-remote" "-profile" "C:\\Users\\ADMINI~1\\AppData\\Local\\Temp\\rust_mozprofile9ZICWR"
*** You are running in headless mode.
JavaScript error: resource://gre/modules/XULStore.jsm, line 66: Error: Can't find profile directory.
console.error: SearchCache: "_readCacheFile: Error reading cache file:" (new Error("", "(unknown module)"))
1597824608980	Marionette	INFO	Listening on port 58630
1597824609351	Marionette	WARN	TLS certificate errors will be ignored for this session
1597824669684	Marionette	INFO	Stopped listening on port 58630
1597824717609	geckodriver	INFO	Listening on 127.0.0.1:59025
1597824720653	mozrunner::runner	INFO	Running command: "C:\\Program Files\\Mozilla Firefox\\firefox.exe" "--marionette" "-headless" "-foreground" "-no-remote" "-profile" "C:\\Users\\ADMINI~1\\AppData\\Local\\Temp\\rust_mozprofileM3xbUC"
*** You are running in headless mode.
JavaScript error: resource://gre/modules/XULStore.jsm, line 66: Error: Can't find profile directory.
console.error: SearchCache: "_readCacheFile: Error reading cache file:" (new Error("", "(unknown module)"))
1597824722526	Marionette	INFO	Listening on port 59039
1597824722770	Marionette	WARN	TLS certificate errors will be ignored for this session
1597824768219	Marionette	INFO	Stopped listening on port 59039
1597824919674	geckodriver	INFO	Listening on 127.0.0.1:59627
1597824922725	mozrunner::runner	INFO	Running command: "C:\\Program Files\\Mozilla Firefox\\firefox.exe" "--marionette" "-headless" "-foreground" "-no-remote" "-profile" "C:\\Users\\ADMINI~1\\AppData\\Local\\Temp\\rust_mozprofileph4mGb"
*** You are running in headless mode.
JavaScript error: resource://gre/modules/XULStore.jsm, line 66: Error: Can't find profile directory.
console.error: SearchCache: "_readCacheFile: Error reading cache file:" (new Error("", "(unknown module)"))
1597824924579	Marionette	INFO	Listening on port 59643
1597824924840	Marionette	WARN	TLS certificate errors will be ignored for this session
1597824954407	Marionette	INFO	Stopped listening on port 59643

###!!! [Child][RunMessage] Error: Channel closing: too late to send/recv, messages will be lost


###!!! [Child][RunMessage] Error: Channel closing: too late to send/recv, messages will be lost

1597824973671	geckodriver	INFO	Listening on 127.0.0.1:59859
1597824976721	mozrunner::runner	INFO	Running command: "C:\\Program Files\\Mozilla Firefox\\firefox.exe" "--marionette" "-headless" "-foreground" "-no-remote" "-profile" "C:\\Users\\ADMINI~1\\AppData\\Local\\Temp\\rust_mozprofileBP1tGy"
*** You are running in headless mode.
JavaScript error: resource://gre/modules/XULStore.jsm, line 66: Error: Can't find profile directory.
console.error: SearchCache: "_readCacheFile: Error reading cache file:" (new Error("", "(unknown module)"))
1597824978618	Marionette	INFO	Listening on port 59874
1597824978849	Marionette	WARN	TLS certificate errors will be ignored for this session
1597824985681	Marionette	INFO	Stopped listening on port 59874
1597825481560	geckodriver	INFO	Listening on 127.0.0.1:61346
1597825484602	mozrunner::runner	INFO	Running command: "C:\\Program Files\\Mozilla Firefox\\firefox.exe" "--marionette" "-headless" "-foreground" "-no-remote" "-profile" "C:\\Users\\ADMINI~1\\AppData\\Local\\Temp\\rust_mozprofileP5GKiB"
*** You are running in headless mode.
JavaScript error: resource://gre/modules/XULStore.jsm, line 66: Error: Can't find profile directory.
console.error: SearchCache: "_readCacheFile: Error reading cache file:" (new Error("", "(unknown module)"))
1597825486409	Marionette	INFO	Listening on port 61360
1597825486722	Marionette	WARN	TLS certificate errors will be ignored for this session
1597825494889	Marionette	INFO	Stopped listening on port 61360

###!!! [Child][RunMessage] Error: Channel closing: too late to send/recv, messages will be lost


###!!! [Child][RunMessage] Error: Channel closing: too late to send/recv, messages will be lost


###!!! [Child][RunMessage] Error: Channel closing: too late to send/recv, messages will be lost


###!!! [Child][RunMessage] Error: Channel closing: too late to send/recv, messages will be lost

1597825561875	geckodriver	INFO	Listening on 127.0.0.1:61656
1597825564928	mozrunner::runner	INFO	Running command: "C:\\Program Files\\Mozilla Firefox\\firefox.exe" "--marionette" "-headless" "-foreground" "-no-remote" "-profile" "C:\\Users\\ADMINI~1\\AppData\\Local\\Temp\\rust_mozprofilevoR6gK"
*** You are running in headless mode.
JavaScript error: resource://gre/modules/XULStore.jsm, line 66: Error: Can't find profile directory.
console.error: SearchCache: "_readCacheFile: Error reading cache file:" (new Error("", "(unknown module)"))
1597825566745	Marionette	INFO	Listening on port 61672
1597825567050	Marionette	WARN	TLS certificate errors will be ignored for this session
1597825575668	Marionette	INFO	Stopped listening on port 61672

###!!! [Child][MessageChannel] Error: (msgtype=0x5A000D,name=PHttpChannel::Msg_DeletingChannel) Channel closing: too late to send/recv, messages will be lost

1597826846096	geckodriver	INFO	Listening on 127.0.0.1:65045
1597826849158	mozrunner::runner	INFO	Running command: "C:\\Program Files\\Mozilla Firefox\\firefox.exe" "--marionette" "-headless" "-foreground" "-no-remote" "-profile" "C:\\Users\\ADMINI~1\\AppData\\Local\\Temp\\rust_mozprofilecPNg9j"
*** You are running in headless mode.
JavaScript error: resource://gre/modules/XULStore.jsm, line 66: Error: Can't find profile directory.
console.error: SearchCache: "_readCacheFile: Error reading cache file:" (new Error("", "(unknown module)"))
1597826850968	Marionette	INFO	Listening on port 65061
1597826851277	Marionette	WARN	TLS certificate errors will be ignored for this session
1597826857996	Marionette	INFO	Stopped listening on port 65061
1597828254960	geckodriver	INFO	Listening on 127.0.0.1:52671
1597828258022	mozrunner::runner	INFO	Running command: "C:\\Program Files\\Mozilla Firefox\\firefox.exe" "--marionette" "-headless" "-foreground" "-no-remote" "-profile" "C:\\Users\\ADMINI~1\\AppData\\Local\\Temp\\rust_mozprofileuneB9s"
*** You are running in headless mode.
JavaScript error: resource://gre/modules/XULStore.jsm, line 66: Error: Can't find profile directory.
console.error: SearchCache: "_readCacheFile: Error reading cache file:" (new Error("", "(unknown module)"))
1597828259971	Marionette	INFO	Listening on port 52687
1597828260154	Marionette	WARN	TLS certificate errors will be ignored for this session
JavaScript error: , line 0: NS_ERROR_NOT_AVAILABLE
1:52824
1597828292219	mozrunner::runner	INFO	Running command: "C:\\Program Files\\Mozilla Firefox\\firefox.exe" "--marionette" "-headless" "-foreground" "-no-remote" "-profile" "C:\\Users\\ADMINI~1\\AppData\\Local\\Temp\\rust_mozprofileHOmmya"
*** You are running in headless mode.
JavaScript error: resource://gre/modules/XULStore.jsm, line 66: Error: Can't find profile directory.
console.error: SearchCache: "_readCacheFile: Error reading cache file:" (new Error("", "(unknown module)"))
1597828294186	Marionette	INFO	Listening on port 52840
1597828294335	Marionette	WARN	TLS certificate errors will be ignored for this session
1597828301945	Marionette	INFO	Stopped listening on port 52840
1597828398742	geckodriver	INFO	Listening on 127.0.0.1:53250
1597828401790	mozrunner::runner	INFO	Running command: "C:\\Program Files\\Mozilla Firefox\\firefox.exe" "--marionette" "-headless" "-foreground" "-no-remote" "-profile" "C:\\Users\\ADMINI~1\\AppData\\Local\\Temp\\rust_mozprofilekykmlD"
*** You are running in headless mode.
JavaScript error: resource://gre/modules/XULStore.jsm, line 66: Error: Can't find profile directory.
console.error: SearchCache: "_readCacheFile: Error reading cache file:" (new Error("", "(unknown module)"))
1597828403679	Marionette	INFO	Listening on port 53266
1597828403911	Marionette	WARN	TLS certificate errors will be ignored for this session
1597828414753	Marionette	INFO	Stopped listening on port 53266
1597828597799	geckodriver	INFO	Listening on 127.0.0.1:53890
1597828600858	mozrunner::runner	INFO	Running command: "C:\\Program Files\\Mozilla Firefox\\firefox.exe" "--marionette" "-headless" "-foreground" "-no-remote" "-profile" "C:\\Users\\ADMINI~1\\AppData\\Local\\Temp\\rust_mozprofileheniht"
*** You are running in headless mode.
JavaScript error: resource://gre/modules/XULStore.jsm, line 66: Error: Can't find profile directory.
console.error: SearchCache: "_readCacheFile: Error reading cache file:" (new Error("", "(unknown module)"))
1597828602724	Marionette	INFO	Listening on port 53906
1597828602973	Marionette	WARN	TLS certificate errors will be ignored for this session
1597828621007	Marionette	INFO	Stopped listening on port 53906

###!!! [Child][RunMessage] Error: Channel closing: too late to send/recv, messages will be lost

1597829235513	geckodriver	INFO	Listening on 127.0.0.1:55605
1597829238551	mozrunner::runner	INFO	Running command: "C:\\Program Files\\Mozilla Firefox\\firefox.exe" "--marionette" "-headless" "-foreground" "-no-remote" "-profile" "C:\\Users\\ADMINI~1\\AppData\\Local\\Temp\\rust_mozprofilerGUxGy"
*** You are running in headless mode.
JavaScript error: resource://gre/modules/XULStore.jsm, line 66: Error: Can't find profile directory.
console.error: SearchCache: "_readCacheFile: Error reading cache file:" (new Error("", "(unknown module)"))
1597829240551	Marionette	INFO	Listening on port 55619
1597829240677	Marionette	WARN	TLS certificate errors will be ignored for this session
1597829249830	Marionette	INFO	Stopped listening on port 55619
1597829268940	geckodriver	INFO	Listening on 127.0.0.1:55814
1597829271971	mozrunner::runner	INFO	Running command: "C:\\Program Files\\Mozilla Firefox\\firefox.exe" "--marionette" "-headless" "-foreground" "-no-remote" "-profile" "C:\\Users\\ADMINI~1\\AppData\\Local\\Temp\\rust_mozprofilejBW2V9"
*** You are running in headless mode.
JavaScript error: resource://gre/modules/XULStore.jsm, line 66: Error: Can't find profile directory.
console.error: SearchCache: "_readCacheFile: Error reading cache file:" (new Error("", "(unknown module)"))
1597829274018	Marionette	INFO	Listening on port 55829
1597829274083	Marionette	WARN	TLS certificate errors will be ignored for this session
1597829287676	Marionette	INFO	Stopped listening on port 55829
1597829348353	geckodriver	INFO	Listening on 127.0.0.1:56141
1597829351408	mozrunner::runner	INFO	Running command: "C:\\Program Files\\Mozilla Firefox\\firefox.exe" "--marionette" "-headless" "-foreground" "-no-remote" "-profile" "C:\\Users\\ADMINI~1\\AppData\\Local\\Temp\\rust_mozprofile0fpvlQ"
*** You are running in headless mode.
JavaScript error: resource://gre/modules/XULStore.jsm, line 66: Error: Can't find profile directory.
console.error: SearchCache: "_readCacheFile: Error reading cache file:" (new Error("", "(unknown module)"))
1597829353229	Marionette	INFO	Listening on port 56158
1597829353531	Marionette	WARN	TLS certificate errors will be ignored for this session
1597829368755	Marionette	INFO	Stopped listening on port 56158
1597829494891	geckodriver	INFO	Listening on 127.0.0.1:56941
1597829497949	mozrunner::runner	INFO	Running command: "C:\\Program Files\\Mozilla Firefox\\firefox.exe" "--marionette" "-headless" "-foreground" "-no-remote" "-profile" "C:\\Users\\ADMINI~1\\AppData\\Local\\Temp\\rust_mozprofileLeTIcY"
*** You are running in headless mode.
JavaScript error: resource://gre/modules/XULStore.jsm, line 66: Error: Can't find profile directory.
console.error: SearchCache: "_readCacheFile: Error reading cache file:" (new Error("", "(unknown module)"))
1597829499851	Marionette	INFO	Listening on port 56955
1597829500073	Marionette	WARN	TLS certificate errors will be ignored for this session
1597829526535	Marionette	INFO	Stopped listening on port 56955
1597829866483	geckodriver	INFO	Listening on 127.0.0.1:58122
1597829869543	mozrunner::runner	INFO	Running command: "C:\\Program Files\\Mozilla Firefox\\firefox.exe" "--marionette" "-headless" "-foreground" "-no-remote" "-profile" "C:\\Users\\ADMINI~1\\AppData\\Local\\Temp\\rust_mozprofileM1TZQG"
*** You are running in headless mode.
JavaScript error: resource://gre/modules/XULStore.jsm, line 66: Error: Can't find profile directory.
console.error: SearchCache: "_readCacheFile: Error reading cache file:" (new Error("", "(unknown module)"))
1597829871400	Marionette	INFO	Listening on port 58136
1597829871669	Marionette	WARN	TLS certificate errors will be ignored for this session
1597829879008	Marionette	INFO	Stopped listening on port 58136
1597829938172	geckodriver	INFO	Listening on 127.0.0.1:58580
1597829941208	mozrunner::runner	INFO	Running command: "C:\\Program Files\\Mozilla Firefox\\firefox.exe" "--marionette" "-headless" "-foreground" "-no-remote" "-profile" "C:\\Users\\ADMINI~1\\AppData\\Local\\Temp\\rust_mozprofileP5GaCl"
*** You are running in headless mode.
JavaScript error: resource://gre/modules/XULStore.jsm, line 66: Error: Can't find profile directory.
console.error: SearchCache: "_readCacheFile: Error reading cache file:" (new Error("", "(unknown module)"))
1597829943056	Marionette	INFO	Listening on port 58598
1597829943325	Marionette	WARN	TLS certificate errors will be ignored for this session
1597829950495	Marionette	INFO	Stopped listening on port 58598
1597829964639	geckodriver	INFO	Listening on 127.0.0.1:58759
1597829967680	mozrunner::runner	INFO	Running command: "C:\\Program Files\\Mozilla Firefox\\firefox.exe" "--marionette" "-headless" "-foreground" "-no-remote" "-profile" "C:\\Users\\ADMINI~1\\AppData\\Local\\Temp\\rust_mozprofileZYNzjV"
*** You are running in headless mode.
JavaScript error: resource://gre/modules/XULStore.jsm, line 66: Error: Can't find profile directory.
console.error: SearchCache: "_readCacheFile: Error reading cache file:" (new Error("", "(unknown module)"))
1597829969593	Marionette	INFO	Listening on port 58774
1597829969799	Marionette	WARN	TLS certificate errors will be ignored for this session
1597829975358	Marionette	INFO	Stopped listening on port 58774
1597829994628	geckodriver	INFO	Listening on 127.0.0.1:58939
1597829997678	mozrunner::runner	INFO	Running command: "C:\\Program Files\\Mozilla Firefox\\firefox.exe" "--marionette" "-headless" "-foreground" "-no-remote" "-profile" "C:\\Users\\ADMINI~1\\AppData\\Local\\Temp\\rust_mozprofilefbgiyv"
*** You are running in headless mode.
JavaScript error: resource://gre/modules/XULStore.jsm, line 66: Error: Can't find profile directory.
console.error: SearchCache: "_readCacheFile: Error reading cache file:" (new Error("", "(unknown module)"))
1597829999582	Marionette	INFO	Listening on port 58954
1597829999793	Marionette	WARN	TLS certificate errors will be ignored for this session
1597830005358	Marionette	INFO	Stopped listening on port 58954
1597830060236	geckodriver	INFO	Listening on 127.0.0.1:59203
1597830063293	mozrunner::runner	INFO	Running command: "C:\\Program Files\\Mozilla Firefox\\firefox.exe" "--marionette" "-headless" "-foreground" "-no-remote" "-profile" "C:\\Users\\ADMINI~1\\AppData\\Local\\Temp\\rust_mozprofileFO8kg5"
*** You are running in headless mode.
JavaScript error: resource://gre/modules/XULStore.jsm, line 66: Error: Can't find profile directory.
console.error: SearchCache: "_readCacheFile: Error reading cache file:" (new Error("", "(unknown module)"))
1597830065242	Marionette	INFO	Listening on port 59219
1597830065411	Marionette	WARN	TLS certificate errors will be ignored for this session
1597830073466	Marionette	INFO	Stopped listening on port 59219
1597830105539	geckodriver	INFO	Listening on 127.0.0.1:59446
1597830108591	mozrunner::runner	INFO	Running command: "C:\\Program Files\\Mozilla Firefox\\firefox.exe" "--marionette" "-headless" "-foreground" "-no-remote" "-profile" "C:\\Users\\ADMINI~1\\AppData\\Local\\Temp\\rust_mozprofile0k7jKQ"
*** You are running in headless mode.
JavaScript error: resource://gre/modules/XULStore.jsm, line 66: Error: Can't find profile directory.
console.error: SearchCache: "_readCacheFile: Error reading cache file:" (new Error("", "(unknown module)"))
1597830110503	Marionette	INFO	Listening on port 59461
1597830110710	Marionette	WARN	TLS certificate errors will be ignored for this session
1597830120831	Marionette	INFO	Stopped listening on port 59461
1597830142224	geckodriver	INFO	Listening on 127.0.0.1:59652
1597830145266	mozrunner::runner	INFO	Running command: "C:\\Program Files\\Mozilla Firefox\\firefox.exe" "--marionette" "-headless" "-foreground" "-no-remote" "-profile" "C:\\Users\\ADMINI~1\\AppData\\Local\\Temp\\rust_mozprofileckOKii"
*** You are running in headless mode.
JavaScript error: resource://gre/modules/XULStore.jsm, line 66: Error: Can't find profile directory.
console.error: SearchCache: "_readCacheFile: Error reading cache file:" (new Error("", "(unknown module)"))
1597830147066	Marionette	INFO	Listening on port 59668
1597830147382	Marionette	WARN	TLS certificate errors will be ignored for this session
1597830155489	Marionette	INFO	Stopped listening on port 59668
1597830163819	geckodriver	INFO	Listening on 127.0.0.1:59825
1597830166859	mozrunner::runner	INFO	Running command: "C:\\Program Files\\Mozilla Firefox\\firefox.exe" "--marionette" "-headless" "-foreground" "-no-remote" "-profile" "C:\\Users\\ADMINI~1\\AppData\\Local\\Temp\\rust_mozprofileUUm5i3"
*** You are running in headless mode.
JavaScript error: resource://gre/modules/XULStore.jsm, line 66: Error: Can't find profile directory.
console.error: SearchCache: "_readCacheFile: Error reading cache file:" (new Error("", "(unknown module)"))
1597830168835	Marionette	INFO	Listening on port 59841
1597830168980	Marionette	WARN	TLS certificate errors will be ignored for this session
1597830177581	Marionette	INFO	Stopped listening on port 59841
[Child 133216, Chrome_ChildThread] WARNING: pipe error: 232: file /builds/worker/checkouts/gecko/ipc/chromium/src/chrome/common/ipc_channel_win.cc, line 524
1597830251712	geckodriver	INFO	Listening on 127.0.0.1:60256
1597830254751	mozrunner::runner	INFO	Running command: "C:\\Program Files\\Mozilla Firefox\\firefox.exe" "--marionette" "-headless" "-foreground" "-no-remote" "-profile" "C:\\Users\\ADMINI~1\\AppData\\Local\\Temp\\rust_mozprofileheXWN6"
*** You are running in headless mode.
JavaScript error: resource://gre/modules/XULStore.jsm, line 66: Error: Can't find profile directory.
console.error: SearchCache: "_readCacheFile: Error reading cache file:" (new Error("", "(unknown module)"))
1597830256620	Marionette	INFO	Listening on port 60269
1597830256872	Marionette	WARN	TLS certificate errors will be ignored for this session
1597830265875	Marionette	INFO	Stopped listening on port 60269

###!!! [Child][RunMessage] Error: Channel closing: too late to send/recv, messages will be lost

1597830307612	geckodriver	INFO	Listening on 127.0.0.1:60499
1597830310652	mozrunner::runner	INFO	Running command: "C:\\Program Files\\Mozilla Firefox\\firefox.exe" "--marionette" "-headless" "-foreground" "-no-remote" "-profile" "C:\\Users\\ADMINI~1\\AppData\\Local\\Temp\\rust_mozprofile1lCngT"
*** You are running in headless mode.
JavaScript error: resource://gre/modules/XULStore.jsm, line 66: Error: Can't find profile directory.
console.error: SearchCache: "_readCacheFile: Error reading cache file:" (new Error("", "(unknown module)"))
1597830312727	Marionette	INFO	Listening on port 60514
1597830312766	Marionette	WARN	TLS certificate errors will be ignored for this session
1597830323729	Marionette	INFO	Stopped listening on port 60514
1597830342200	geckodriver	INFO	Listening on 127.0.0.1:60705
1597830345264	mozrunner::runner	INFO	Running command: "C:\\Program Files\\Mozilla Firefox\\firefox.exe" "--marionette" "-headless" "-foreground" "-no-remote" "-profile" "C:\\Users\\ADMINI~1\\AppData\\Local\\Temp\\rust_mozprofile7pxlMa"
*** You are running in headless mode.
JavaScript error: resource://gre/modules/XULStore.jsm, line 66: Error: Can't find profile directory.
console.error: SearchCache: "_readCacheFile: Error reading cache file:" (new Error("", "(unknown module)"))
1597830347066	Marionette	INFO	Listening on port 60719
1597830347383	Marionette	WARN	TLS certificate errors will be ignored for this session
1597830357560	Marionette	INFO	Stopped listening on port 60719

###!!! [Child][RunMessage] Error: Channel closing: too late to send/recv, messages will be lost

1597830395530	geckodriver	INFO	Listening on 127.0.0.1:60949
1597830398560	mozrunner::runner	INFO	Running command: "C:\\Program Files\\Mozilla Firefox\\firefox.exe" "--marionette" "-headless" "-foreground" "-no-remote" "-profile" "C:\\Users\\ADMINI~1\\AppData\\Local\\Temp\\rust_mozprofileVZmJOJ"
*** You are running in headless mode.
JavaScript error: resource://gre/modules/XULStore.jsm, line 66: Error: Can't find profile directory.
console.error: SearchCache: "_readCacheFile: Error reading cache file:" (new Error("", "(unknown module)"))
1597830400392	Marionette	INFO	Listening on port 60963
1597830400683	Marionette	WARN	TLS certificate errors will be ignored for this session
1597830409468	Marionette	INFO	Stopped listening on port 60963
1597830420422	geckodriver	INFO	Listening on 127.0.0.1:61114
1597830423468	mozrunner::runner	INFO	Running command: "C:\\Program Files\\Mozilla Firefox\\firefox.exe" "--marionette" "-headless" "-foreground" "-no-remote" "-profile" "C:\\Users\\ADMINI~1\\AppData\\Local\\Temp\\rust_mozprofile75yxwt"
*** You are running in headless mode.
JavaScript error: resource://gre/modules/XULStore.jsm, line 66: Error: Can't find profile directory.
console.error: SearchCache: "_readCacheFile: Error reading cache file:" (new Error("", "(unknown module)"))
1597830425317	Marionette	INFO	Listening on port 61129
1597830425585	Marionette	WARN	TLS certificate errors will be ignored for this session
1597830437558	Marionette	INFO	Stopped listening on port 61129
1597830446961	geckodriver	INFO	Listening on 127.0.0.1:61283
1597830450013	mozrunner::runner	INFO	Running command: "C:\\Program Files\\Mozilla Firefox\\firefox.exe" "--marionette" "-headless" "-foreground" "-no-remote" "-profile" "C:\\Users\\ADMINI~1\\AppData\\Local\\Temp\\rust_mozprofilemtiTPU"
*** You are running in headless mode.
JavaScript error: resource://gre/modules/XULStore.jsm, line 66: Error: Can't find profile directory.
console.error: SearchCache: "_readCacheFile: Error reading cache file:" (new Error("", "(unknown module)"))
1597830451885	Marionette	INFO	Listening on port 61298
1597830452135	Marionette	WARN	TLS certificate errors will be ignored for this session
1597830458462	Marionette	INFO	Stopped listening on port 61298

###!!! [Child][MessageChannel] Error: (msgtype=0x5A000D,name=PHttpChannel::Msg_DeletingChannel) Channel closing: too late to send/recv, messages will be lost

1597830477423	geckodriver	INFO	Listening on 127.0.0.1:61479
1597830480445	mozrunner::runner	INFO	Running command: "C:\\Program Files\\Mozilla Firefox\\firefox.exe" "--marionette" "-headless" "-foreground" "-no-remote" "-profile" "C:\\Users\\ADMINI~1\\AppData\\Local\\Temp\\rust_mozprofileJoClPP"
*** You are running in headless mode.
JavaScript error: resource://gre/modules/XULStore.jsm, line 66: Error: Can't find profile directory.
console.error: SearchCache: "_readCacheFile: Error reading cache file:" (new Error("", "(unknown module)"))
1597830482257	Marionette	INFO	Listening on port 61496
1597830482561	Marionette	WARN	TLS certificate errors will be ignored for this session
1597830494763	Marionette	INFO	Stopped listening on port 61496

###!!! [Child][MessageChannel] Error: (msgtype=0x5A000D,name=PHttpChannel::Msg_DeletingChannel) Channel closing: too late to send/recv, messages will be lost

1597830520857	geckodriver	INFO	Listening on 127.0.0.1:61688
1597830523899	mozrunner::runner	INFO	Running command: "C:\\Program Files\\Mozilla Firefox\\firefox.exe" "--marionette" "-headless" "-foreground" "-no-remote" "-profile" "C:\\Users\\ADMINI~1\\AppData\\Local\\Temp\\rust_mozprofilelIVOSh"
*** You are running in headless mode.
JavaScript error: resource://gre/modules/XULStore.jsm, line 66: Error: Can't find profile directory.
console.error: SearchCache: "_readCacheFile: Error reading cache file:" (new Error("", "(unknown module)"))
1597830525700	Marionette	INFO	Listening on port 61703
1597830526020	Marionette	WARN	TLS certificate errors will be ignored for this session
1597830537075	Marionette	INFO	Stopped listening on port 61703
1597830593610	geckodriver	INFO	Listening on 127.0.0.1:61990
1597830596674	mozrunner::runner	INFO	Running command: "C:\\Program Files\\Mozilla Firefox\\firefox.exe" "--marionette" "-headless" "-foreground" "-no-remote" "-profile" "C:\\Users\\ADMINI~1\\AppData\\Local\\Temp\\rust_mozprofileeyKque"
*** You are running in headless mode.
JavaScript error: resource://gre/modules/XULStore.jsm, line 66: Error: Can't find profile directory.
console.error: SearchCache: "_readCacheFile: Error reading cache file:" (new Error("", "(unknown module)"))
1597830598556	Marionette	INFO	Listening on port 62003
1597830598798	Marionette	WARN	TLS certificate errors will be ignored for this session
1597830606626	Marionette	INFO	Stopped listening on port 62003
1597830619693	geckodriver	INFO	Listening on 127.0.0.1:62150
1597830622727	mozrunner::runner	INFO	Running command: "C:\\Program Files\\Mozilla Firefox\\firefox.exe" "--marionette" "-headless" "-foreground" "-no-remote" "-profile" "C:\\Users\\ADMINI~1\\AppData\\Local\\Temp\\rust_mozprofiled59ZTA"
*** You are running in headless mode.
console.error: SearchCache: "_readCacheFile: Error reading cache file:" (new Error("", "(unknown module)"))
JavaScript error: resource://gre/modules/XULStore.jsm, line 66: Error: Can't find profile directory.
1597830624620	Marionette	INFO	Listening on port 62163
1597830624840	Marionette	WARN	TLS certificate errors will be ignored for this session
1597830631198	Marionette	INFO	Stopped listening on port 62163
1597830699707	geckodriver	INFO	Listening on 127.0.0.1:62453
1597830702724	mozrunner::runner	INFO	Running command: "C:\\Program Files\\Mozilla Firefox\\firefox.exe" "--marionette" "-headless" "-foreground" "-no-remote" "-profile" "C:\\Users\\ADMINI~1\\AppData\\Local\\Temp\\rust_mozprofileALRzlG"
*** You are running in headless mode.
JavaScript error: resource://gre/modules/XULStore.jsm, line 66: Error: Can't find profile directory.
console.error: SearchCache: "_readCacheFile: Error reading cache file:" (new Error("", "(unknown module)"))
1597830704505	Marionette	INFO	Listening on port 62469
1597830704840	Marionette	WARN	TLS certificate errors will be ignored for this session
1597830713276	Marionette	INFO	Stopped listening on port 62469
1597830732755	geckodriver	INFO	Listening on 127.0.0.1:62649
1597830735805	mozrunner::runner	INFO	Running command: "C:\\Program Files\\Mozilla Firefox\\firefox.exe" "--marionette" "-headless" "-foreground" "-no-remote" "-profile" "C:\\Users\\ADMINI~1\\AppData\\Local\\Temp\\rust_mozprofileBkjtvj"
*** You are running in headless mode.
JavaScript error: resource://gre/modules/XULStore.jsm, line 66: Error: Can't find profile directory.
console.error: SearchCache: "_readCacheFile: Error reading cache file:" (new Error("", "(unknown module)"))
1597830737583	Marionette	INFO	Listening on port 62663
1597830737946	Marionette	WARN	TLS certificate errors will be ignored for this session
1597830756037	Marionette	INFO	Stopped listening on port 62663
